<?xml version="1.0" encoding="UTF-8"?>
<testng-results skipped="0" failed="0" ignored="0" total="3" passed="3">
  <reporter-output>
  </reporter-output>
  <suite name="Default suite" duration-ms="35" started-at="2018-06-19T19:28:12Z" finished-at="2018-06-19T19:28:12Z">
    <groups>
    </groups>
    <test name="Default test" duration-ms="35" started-at="2018-06-19T19:28:12Z" finished-at="2018-06-19T19:28:12Z">
      <class name="com.usa.ttjob.TestPriority">
        <test-method status="PASS" signature="Secondtest()[pri:1, instance:com.usa.ttjob.TestPriority@15b3e5b]" name="Secondtest" duration-ms="8" started-at="2018-06-19T19:28:12Z" finished-at="2018-06-19T19:28:12Z">
          <reporter-output>
          </reporter-output>
        </test-method> <!-- Secondtest -->
        <test-method status="PASS" signature="Thirdtest()[pri:2, instance:com.usa.ttjob.TestPriority@15b3e5b]" name="Thirdtest" duration-ms="2" started-at="2018-06-19T19:28:12Z" finished-at="2018-06-19T19:28:12Z">
          <reporter-output>
          </reporter-output>
        </test-method> <!-- Thirdtest -->
        <test-method status="PASS" signature="Fristtest()[pri:3, instance:com.usa.ttjob.TestPriority@15b3e5b]" name="Fristtest" duration-ms="2" started-at="2018-06-19T19:28:12Z" finished-at="2018-06-19T19:28:12Z">
          <reporter-output>
          </reporter-output>
        </test-method> <!-- Fristtest -->
      </class> <!-- com.usa.ttjob.TestPriority -->
    </test> <!-- Default test -->
  </suite> <!-- Default suite -->
</testng-results>
